1                                           The SAS System            10:50 Tuesday, September 4, 2018

NOTE: Copyright (c) 2002-2012 by SAS Institute Inc., Cary, NC, USA. 
NOTE: SAS (r) Proprietary Software 9.4 (TS1M2) 
      Licensed to SOCIAL & SCIENTIFIC SYSTEMS INC/AHRQ4, Site 70109165.
NOTE: This session is executing on the X64_8PRO  platform.



NOTE: Updated analytical products:
      
      SAS/STAT 13.2

NOTE: Additional host information:

 X64_8PRO WIN 6.2.9200  Workstation

NOTE: SAS initialization used:
      real time           0.28 seconds
      cpu time            0.26 seconds
      

NOTE: AUTOEXEC processing beginning; file is \\source.ahrq.local\source\MEPS\_PUFINFO\autoexec.sas.

local directory autoexec processed

NOTE: AUTOEXEC processing completed.

1          /**********************************************************************************
2          
3          PROGRAM:      C:\MEPS\SAS\PROG\EXERCISE1.SAS
4          
5          DESCRIPTION:  THIS PROGRAM GENERATES THE FOLLOWING ESTIMATES ON NATIONAL HEALTH CARE EXPENSES, 2016:
6          
7          	           (1) OVERALL EXPENSES
8          	           (2) PERCENTAGE OF PERSONS WITH AN EXPENSE
9          	           (3) MEAN EXPENSE PER PERSON WITH AN EXPENSE
10         
11         
12         INPUT FILE:   C:\MEPS\SAS\DATA\H192.SAS7BDAT (2016 FULL-YEAR FILE)
13         
14         *********************************************************************************/;
15         OPTIONS LS=132 PS=79 NODATE;
16         
17         *LIBNAME CDATA 'C:\MEPS\SAS\DATA';
18         LIBNAME CDATA "\\programs.ahrq.local\programs\MEPS\AHRQ4_CY2\B_CFACT\BJ001DVK\Workshop_2018_Fall\SAS\DATA";
NOTE: Libref CDATA was successfully assigned as follows: 
      Engine:        V9 
      Physical Name: \\programs.ahrq.local\programs\MEPS\AHRQ4_CY2\B_CFACT\BJ001DVK\Workshop_2018_Fall\SAS\DATA
19         
20         PROC FORMAT;
21           VALUE AGEF
22              0-  64 = '0-64'
23              65-HIGH = '65+'
24         	          ;
NOTE: Format AGEF has been output.
25         
26           VALUE AGECAT
27         	   1 = '0-64'
28         	   2 = '65+'
29         	     ;
NOTE: Format AGECAT has been output.
30         
31           VALUE GTZERO
32              0         = '0'
33              0 <- HIGH = '>0'
34                        ;
NOTE: Format GTZERO is already on the library WORK.FORMATS.
NOTE: Format GTZERO has been output.
35         RUN;

NOTE: PROCEDURE FORMAT used (Total process time):
      real time           0.00 seconds
      cpu time            0.00 seconds
      

36         
37         TITLE1 '2018 AHRQ MEPS DATA USERS WORKSHOP';
38         TITLE2 "EXERCISE1.SAS: NATIONAL HEALTH CARE EXPENSES, 2016";
2                                                          The SAS System

39         
40         /* READ IN DATA FROM 2016 CONSOLIDATED DATA FILE (HC-192) */
41         DATA PUF192;
42           SET CDATA.H192 (KEEP= TOTEXP16 AGE16X AGE42X AGE31X
43         	                      VARSTR   VARPSU   PERWT16F );
44         
45           TOTAL                = TOTEXP16;
46         
47           /* CREATE FLAG (1/0) VARIABLES FOR PERSONS WITH AN EXPENSE */
48           X_ANYSVCE=0;
49           IF TOTAL > 0 THEN X_ANYSVCE=1;
50         
51           /* CREATE A SUMMARY VARIABLE FROM END OF YEAR, 42, AND 31 VARIABLES*/
52         
53                IF AGE16X >= 0 THEN AGE = AGE16X ;
54           ELSE IF AGE42X >= 0 THEN AGE = AGE42X ;
55           ELSE IF AGE31X >= 0 THEN AGE = AGE31X ;
56         
57                IF 0 LE AGE LE 64 THEN AGECAT=1 ;
58           ELSE IF      AGE  > 64 THEN AGECAT=2 ;
59         RUN;

NOTE: There were 34655 observations read from the data set CDATA.H192.
NOTE: The data set WORK.PUF192 has 34655 observations and 11 variables.
NOTE: DATA statement used (Total process time):
      real time           2.68 seconds
      cpu time            0.23 seconds
      

60         
61         TITLE3 "Supporting crosstabs for the flag variables";
62         PROC FREQ DATA=PUF192;
63            TABLES X_ANYSVCE              * TOTAL
64                   AGECAT*AGE
65                   /LIST MISSING;
66            FORMAT TOTAL        	gtzero.
67                   AGE            agef.
68              ;
69         RUN;

NOTE: There were 34655 observations read from the data set WORK.PUF192.
NOTE: The PROCEDURE FREQ printed page 1.
NOTE: PROCEDURE FREQ used (Total process time):
      real time           0.10 seconds
      cpu time            0.09 seconds
      

70         
71         TITLE3 'OVERALL EXPENSES'; ;
72         PROC SURVEYMEANS DATA=PUF192 MEAN STDERR SUM STD;
73         	STRATUM VARSTR;
74         	CLUSTER VARPSU;
75         	WEIGHT PERWT16F;
76         	VAR    TOTAL ;
77         RUN;

NOTE: Due to nonpositive weights, 1396 observation(s) were deleted.
NOTE: The PROCEDURE SURVEYMEANS printed page 2.
NOTE: PROCEDURE SURVEYMEANS used (Total process time):
      real time           0.06 seconds
      cpu time            0.06 seconds
      

78         
79         TITLE3 'PERCENTAGE OF PERSONS WITH AN EXPENSE';
80         PROC SURVEYMEANS DATA= PUF192 MEAN STDERR SUM STD;
81         	STRATUM VARSTR ;
82         	CLUSTER VARPSU ;
83         	WEIGHT  PERWT16F ;
84         	VAR X_ANYSVCE;
85         RUN;

NOTE: Due to nonpositive weights, 1396 observation(s) were deleted.
NOTE: The PROCEDURE SURVEYMEANS printed page 3.
NOTE: PROCEDURE SURVEYMEANS used (Total process time):
      real time           0.03 seconds
      cpu time            0.03 seconds
3                                                          The SAS System

      

86         
87         TITLE3 'MEAN EXPENSE PER PERSON WITH AN EXPENSE, FOR OVERALL, AGE 0-64, AND AGE 65+';
88         PROC SURVEYMEANS DATA= PUF192 MEAN NOBS SUMWGT STDERR SUM STD;
89         	STRATUM VARSTR ;
90         	CLUSTER VARPSU ;
91         	WEIGHT  PERWT16F ;	
92         	VAR  TOTAL;
93         	DOMAIN  X_ANYSVCE X_ANYSVCE*AGECAT ;
94         	FORMAT  AGECAT agecat.;
95         RUN;

NOTE: Due to nonpositive weights, 1396 observation(s) were deleted.
NOTE: Only one cluster in a stratum in domain X_ANYSVCE*AGECAT for variable(s) TOTAL. The estimate of variance for TOTAL will omit 
      this stratum.
NOTE: The PROCEDURE SURVEYMEANS printed pages 4-5.
NOTE: PROCEDURE SURVEYMEANS used (Total process time):
      real time           0.10 seconds
      cpu time            0.10 seconds
      

96         

NOTE: SAS Institute Inc., SAS Campus Drive, Cary, NC USA 27513-2414
NOTE: The SAS System used:
      real time           3.67 seconds
      cpu time            0.99 seconds
      
