                                                 2018 AHRQ MEPS DATA USERS WORKSHOP                                                1
                                         EXERCISE1.SAS: NATIONAL HEALTH CARE EXPENSES, 2016
                                            Supporting crosstabs for the flag variables

                                                         The FREQ Procedure

                                                                             Cumulative    Cumulative
                              X_ANYSVCE    TOTAL    Frequency     Percent     Frequency      Percent
                              -----------------------------------------------------------------------
                                      0    0            6933       20.01          6933        20.01  
                                      1    >0          27722       79.99         34655       100.00  


                                                                           Cumulative    Cumulative
                                AGECAT     AGE    Frequency     Percent     Frequency      Percent
                                -------------------------------------------------------------------
                                     1    0-64       29910       86.31         29910        86.31  
                                     2    65+         4745       13.69         34655       100.00  
                                                 2018 AHRQ MEPS DATA USERS WORKSHOP                                                2
                                         EXERCISE1.SAS: NATIONAL HEALTH CARE EXPENSES, 2016
                                                          OVERALL EXPENSES

                                                     The SURVEYMEANS Procedure

                                                            Data Summary

                                        Number of Strata                                 165
                                        Number of Clusters                               368
                                        Number of Observations                         34655
                                        Number of Observations Used                    33259
                                        Number of Obs with Nonpositive Weights          1396
                                        Sum of Weights                             323141687


                                                             Statistics
 
                                                             Std Error
                              Variable            Mean         of Mean             Sum         Std Dev
                              ------------------------------------------------------------------------
                              TOTAL        5005.640169      116.958245     1.617531E12     50638644399
                              ------------------------------------------------------------------------
                                                 2018 AHRQ MEPS DATA USERS WORKSHOP                                                3
                                         EXERCISE1.SAS: NATIONAL HEALTH CARE EXPENSES, 2016
                                               PERCENTAGE OF PERSONS WITH AN EXPENSE

                                                     The SURVEYMEANS Procedure

                                                            Data Summary

                                        Number of Strata                                 165
                                        Number of Clusters                               368
                                        Number of Observations                         34655
                                        Number of Observations Used                    33259
                                        Number of Obs with Nonpositive Weights          1396
                                        Sum of Weights                             323141687


                                                            Statistics
 
                                                             Std Error
                             Variable             Mean         of Mean             Sum         Std Dev
                             -------------------------------------------------------------------------
                             X_ANYSVCE        0.847223        0.003585       273773024         6396258
                             -------------------------------------------------------------------------
                                                 2018 AHRQ MEPS DATA USERS WORKSHOP                                                4
                                         EXERCISE1.SAS: NATIONAL HEALTH CARE EXPENSES, 2016
                            MEAN EXPENSE PER PERSON WITH AN EXPENSE, FOR OVERALL, AGE 0-64, AND AGE 65+

                                                     The SURVEYMEANS Procedure

                                                            Data Summary

                                        Number of Strata                                 165
                                        Number of Clusters                               368
                                        Number of Observations                         34655
                                        Number of Observations Used                    33259
                                        Number of Obs with Nonpositive Weights          1396
                                        Sum of Weights                             323141687


                                                             Statistics
 
                                                Sum of                       Std Error
              Variable               N         Weights            Mean         of Mean             Sum         Std Dev
              --------------------------------------------------------------------------------------------------------
              TOTAL              33259       323141687     5005.640169      116.958245     1.617531E12     50638644399
              --------------------------------------------------------------------------------------------------------
                                                 2018 AHRQ MEPS DATA USERS WORKSHOP                                                5
                                         EXERCISE1.SAS: NATIONAL HEALTH CARE EXPENSES, 2016
                            MEAN EXPENSE PER PERSON WITH AN EXPENSE, FOR OVERALL, AGE 0-64, AND AGE 65+

                                                     The SURVEYMEANS Procedure

                                                   Domain Statistics in X_ANYSVCE
 
                                                      Sum of                       Std Error
       X_ANYSVCE    Variable               N         Weights            Mean         of Mean             Sum         Std Dev
       ---------------------------------------------------------------------------------------------------------------------
               0    TOTAL               6317        49368663               0               0               0               0
               1    TOTAL              26942       273773024     5908.292149      133.820806     1.617531E12     50638644399
       ---------------------------------------------------------------------------------------------------------------------


                                               Domain Statistics in X_ANYSVCE*AGECAT
 
                                                           Sum of                       Std Error
  X_ANYSVCE    AGECAT    Variable               N         Weights            Mean         of Mean             Sum         Std Dev
  -------------------------------------------------------------------------------------------------------------------------------
          0    0-64      TOTAL               6100        47339963               0               0               0               0
               65+       TOTAL                217         2028700               0               0               0               0
          1    0-64      TOTAL              22513       224366322     4615.124855      137.607093    1.0354786E12     38245335117
               65+       TOTAL               4429        49406702           11781      429.171956    582052417044     26901634384
  -------------------------------------------------------------------------------------------------------------------------------
